Traceback (most recent call last):
  File "C:\anaconda\envs\jbook\lib\site-packages\jupyter_cache\executors\utils.py", line 56, in single_nb_execution
    record_timing=False,
  File "C:\anaconda\envs\jbook\lib\site-packages\nbclient\client.py", line 1117, in execute
    return NotebookClient(nb=nb, resources=resources, km=km, **kwargs).execute()
  File "C:\anaconda\envs\jbook\lib\site-packages\nbclient\util.py", line 78, in wrapped
    return just_run(coro(*args, **kwargs))
  File "C:\anaconda\envs\jbook\lib\site-packages\nbclient\util.py", line 57, in just_run
    return loop.run_until_complete(coro)
  File "C:\anaconda\envs\jbook\lib\asyncio\base_events.py", line 587, in run_until_complete
    return future.result()
  File "C:\anaconda\envs\jbook\lib\site-packages\nbclient\client.py", line 559, in async_execute
    cell, index, execution_count=self.code_cells_executed + 1
  File "C:\anaconda\envs\jbook\lib\site-packages\nbclient\client.py", line 862, in async_execute_cell
    self._check_raise_for_error(cell, exec_reply)
  File "C:\anaconda\envs\jbook\lib\site-packages\nbclient\client.py", line 765, in _check_raise_for_error
    raise CellExecutionError.from_cell_and_msg(cell, exec_reply_content)
nbclient.exceptions.CellExecutionError: An error occurred while executing the following cell:
------------------
# population
population_df = pd.read_csv('bevoelkerung.csv', delimiter=';', header=0, encoding='UTF-8')
population_df = population_df.rename(columns={'Bevoelkerungsstand': 'year', 'Anzahl': 'population'})
population_df['year'] = pd.to_datetime(population_df['year'], format='%d.%m.%Y')
------------------

[1;31m---------------------------------------------------------------------------[0m
[1;31mFileNotFoundError[0m                         Traceback (most recent call last)
[1;32mC:\Users\VERENA~1\AppData\Local\Temp/ipykernel_16584/3393631071.py[0m in [0;36m<module>[1;34m[0m
[0;32m      1[0m [1;31m# population[0m[1;33m[0m[1;33m[0m[1;33m[0m[0m
[1;32m----> 2[1;33m [0mpopulation_df[0m [1;33m=[0m [0mpd[0m[1;33m.[0m[0mread_csv[0m[1;33m([0m[1;34m'bevoelkerung.csv'[0m[1;33m,[0m [0mdelimiter[0m[1;33m=[0m[1;34m';'[0m[1;33m,[0m [0mheader[0m[1;33m=[0m[1;36m0[0m[1;33m,[0m [0mencoding[0m[1;33m=[0m[1;34m'UTF-8'[0m[1;33m)[0m[1;33m[0m[1;33m[0m[0m
[0m[0;32m      3[0m [0mpopulation_df[0m [1;33m=[0m [0mpopulation_df[0m[1;33m.[0m[0mrename[0m[1;33m([0m[0mcolumns[0m[1;33m=[0m[1;33m{[0m[1;34m'Bevoelkerungsstand'[0m[1;33m:[0m [1;34m'year'[0m[1;33m,[0m [1;34m'Anzahl'[0m[1;33m:[0m [1;34m'population'[0m[1;33m}[0m[1;33m)[0m[1;33m[0m[1;33m[0m[0m
[0;32m      4[0m [0mpopulation_df[0m[1;33m[[0m[1;34m'year'[0m[1;33m][0m [1;33m=[0m [0mpd[0m[1;33m.[0m[0mto_datetime[0m[1;33m([0m[0mpopulation_df[0m[1;33m[[0m[1;34m'year'[0m[1;33m][0m[1;33m,[0m [0mformat[0m[1;33m=[0m[1;34m'%d.%m.%Y'[0m[1;33m)[0m[1;33m[0m[1;33m[0m[0m

[1;32mC:\anaconda\envs\jbook\lib\site-packages\pandas\util\_decorators.py[0m in [0;36mwrapper[1;34m(*args, **kwargs)[0m
[0;32m    309[0m                     [0mstacklevel[0m[1;33m=[0m[0mstacklevel[0m[1;33m,[0m[1;33m[0m[1;33m[0m[0m
[0;32m    310[0m                 )
[1;32m--> 311[1;33m             [1;32mreturn[0m [0mfunc[0m[1;33m([0m[1;33m*[0m[0margs[0m[1;33m,[0m [1;33m**[0m[0mkwargs[0m[1;33m)[0m[1;33m[0m[1;33m[0m[0m
[0m[0;32m    312[0m [1;33m[0m[0m
[0;32m    313[0m         [1;32mreturn[0m [0mwrapper[0m[1;33m[0m[1;33m[0m[0m

[1;32mC:\anaconda\envs\jbook\lib\site-packages\pandas\io\parsers\readers.py[0m in [0;36mread_csv[1;34m(filepath_or_buffer, sep, delimiter, header, names, index_col, usecols, squeeze, prefix, mangle_dupe_cols, dtype, engine, converters, true_values, false_values, skipinitialspace, skiprows, skipfooter, nrows, na_values, keep_default_na, na_filter, verbose, skip_blank_lines, parse_dates, infer_datetime_format, keep_date_col, date_parser, dayfirst, cache_dates, iterator, chunksize, compression, thousands, decimal, lineterminator, quotechar, quoting, doublequote, escapechar, comment, encoding, encoding_errors, dialect, error_bad_lines, warn_bad_lines, on_bad_lines, delim_whitespace, low_memory, memory_map, float_precision, storage_options)[0m
[0;32m    584[0m     [0mkwds[0m[1;33m.[0m[0mupdate[0m[1;33m([0m[0mkwds_defaults[0m[1;33m)[0m[1;33m[0m[1;33m[0m[0m
[0;32m    585[0m [1;33m[0m[0m
[1;32m--> 586[1;33m     [1;32mreturn[0m [0m_read[0m[1;33m([0m[0mfilepath_or_buffer[0m[1;33m,[0m [0mkwds[0m[1;33m)[0m[1;33m[0m[1;33m[0m[0m
[0m[0;32m    587[0m [1;33m[0m[0m
[0;32m    588[0m [1;33m[0m[0m

[1;32mC:\anaconda\envs\jbook\lib\site-packages\pandas\io\parsers\readers.py[0m in [0;36m_read[1;34m(filepath_or_buffer, kwds)[0m
[0;32m    480[0m [1;33m[0m[0m
[0;32m    481[0m     [1;31m# Create the parser.[0m[1;33m[0m[1;33m[0m[1;33m[0m[0m
[1;32m--> 482[1;33m     [0mparser[0m [1;33m=[0m [0mTextFileReader[0m[1;33m([0m[0mfilepath_or_buffer[0m[1;33m,[0m [1;33m**[0m[0mkwds[0m[1;33m)[0m[1;33m[0m[1;33m[0m[0m
[0m[0;32m    483[0m [1;33m[0m[0m
[0;32m    484[0m     [1;32mif[0m [0mchunksize[0m [1;32mor[0m [0miterator[0m[1;33m:[0m[1;33m[0m[1;33m[0m[0m

[1;32mC:\anaconda\envs\jbook\lib\site-packages\pandas\io\parsers\readers.py[0m in [0;36m__init__[1;34m(self, f, engine, **kwds)[0m
[0;32m    809[0m             [0mself[0m[1;33m.[0m[0moptions[0m[1;33m[[0m[1;34m"has_index_names"[0m[1;33m][0m [1;33m=[0m [0mkwds[0m[1;33m[[0m[1;34m"has_index_names"[0m[1;33m][0m[1;33m[0m[1;33m[0m[0m
[0;32m    810[0m [1;33m[0m[0m
[1;32m--> 811[1;33m         [0mself[0m[1;33m.[0m[0m_engine[0m [1;33m=[0m [0mself[0m[1;33m.[0m[0m_make_engine[0m[1;33m([0m[0mself[0m[1;33m.[0m[0mengine[0m[1;33m)[0m[1;33m[0m[1;33m[0m[0m
[0m[0;32m    812[0m [1;33m[0m[0m
[0;32m    813[0m     [1;32mdef[0m [0mclose[0m[1;33m([0m[0mself[0m[1;33m)[0m[1;33m:[0m[1;33m[0m[1;33m[0m[0m

[1;32mC:\anaconda\envs\jbook\lib\site-packages\pandas\io\parsers\readers.py[0m in [0;36m_make_engine[1;34m(self, engine)[0m
[0;32m   1038[0m             )
[0;32m   1039[0m         [1;31m# error: Too many arguments for "ParserBase"[0m[1;33m[0m[1;33m[0m[1;33m[0m[0m
[1;32m-> 1040[1;33m         [1;32mreturn[0m [0mmapping[0m[1;33m[[0m[0mengine[0m[1;33m][0m[1;33m([0m[0mself[0m[1;33m.[0m[0mf[0m[1;33m,[0m [1;33m**[0m[0mself[0m[1;33m.[0m[0moptions[0m[1;33m)[0m  [1;31m# type: ignore[call-arg][0m[1;33m[0m[1;33m[0m[0m
[0m[0;32m   1041[0m [1;33m[0m[0m
[0;32m   1042[0m     [1;32mdef[0m [0m_failover_to_python[0m[1;33m([0m[0mself[0m[1;33m)[0m[1;33m:[0m[1;33m[0m[1;33m[0m[0m

[1;32mC:\anaconda\envs\jbook\lib\site-packages\pandas\io\parsers\c_parser_wrapper.py[0m in [0;36m__init__[1;34m(self, src, **kwds)[0m
[0;32m     49[0m [1;33m[0m[0m
[0;32m     50[0m         [1;31m# open handles[0m[1;33m[0m[1;33m[0m[1;33m[0m[0m
[1;32m---> 51[1;33m         [0mself[0m[1;33m.[0m[0m_open_handles[0m[1;33m([0m[0msrc[0m[1;33m,[0m [0mkwds[0m[1;33m)[0m[1;33m[0m[1;33m[0m[0m
[0m[0;32m     52[0m         [1;32massert[0m [0mself[0m[1;33m.[0m[0mhandles[0m [1;32mis[0m [1;32mnot[0m [1;32mNone[0m[1;33m[0m[1;33m[0m[0m
[0;32m     53[0m [1;33m[0m[0m

[1;32mC:\anaconda\envs\jbook\lib\site-packages\pandas\io\parsers\base_parser.py[0m in [0;36m_open_handles[1;34m(self, src, kwds)[0m
[0;32m    227[0m             [0mmemory_map[0m[1;33m=[0m[0mkwds[0m[1;33m.[0m[0mget[0m[1;33m([0m[1;34m"memory_map"[0m[1;33m,[0m [1;32mFalse[0m[1;33m)[0m[1;33m,[0m[1;33m[0m[1;33m[0m[0m
[0;32m    228[0m             [0mstorage_options[0m[1;33m=[0m[0mkwds[0m[1;33m.[0m[0mget[0m[1;33m([0m[1;34m"storage_options"[0m[1;33m,[0m [1;32mNone[0m[1;33m)[0m[1;33m,[0m[1;33m[0m[1;33m[0m[0m
[1;32m--> 229[1;33m             [0merrors[0m[1;33m=[0m[0mkwds[0m[1;33m.[0m[0mget[0m[1;33m([0m[1;34m"encoding_errors"[0m[1;33m,[0m [1;34m"strict"[0m[1;33m)[0m[1;33m,[0m[1;33m[0m[1;33m[0m[0m
[0m[0;32m    230[0m         )
[0;32m    231[0m [1;33m[0m[0m

[1;32mC:\anaconda\envs\jbook\lib\site-packages\pandas\io\common.py[0m in [0;36mget_handle[1;34m(path_or_buf, mode, encoding, compression, memory_map, is_text, errors, storage_options)[0m
[0;32m    705[0m                 [0mencoding[0m[1;33m=[0m[0mioargs[0m[1;33m.[0m[0mencoding[0m[1;33m,[0m[1;33m[0m[1;33m[0m[0m
[0;32m    706[0m                 [0merrors[0m[1;33m=[0m[0merrors[0m[1;33m,[0m[1;33m[0m[1;33m[0m[0m
[1;32m--> 707[1;33m                 [0mnewline[0m[1;33m=[0m[1;34m""[0m[1;33m,[0m[1;33m[0m[1;33m[0m[0m
[0m[0;32m    708[0m             )
[0;32m    709[0m         [1;32melse[0m[1;33m:[0m[1;33m[0m[1;33m[0m[0m

[1;31mFileNotFoundError[0m: [Errno 2] No such file or directory: 'bevoelkerung.csv'
FileNotFoundError: [Errno 2] No such file or directory: 'bevoelkerung.csv'

